
> disk-dominator@0.1.0 tauri
> tauri build --target x86_64-pc-windows-gnu

     Running beforeBuildCommand `npm run build`

> disk-dominator@0.1.0 build
> next build

  ▲ Next.js 14.2.29
  - Environments: .env.local

   Creating an optimized production build ...
 ✓ Compiled successfully
   Linting and checking validity of types ...
   Collecting page data ...
   Generating static pages (0/4) ...
   Generating static pages (1/4) 
   Generating static pages (2/4) 
   Generating static pages (3/4) 
 ✓ Generating static pages (4/4)
   Finalizing page optimization ...
   Collecting build traces ...

Route (app)                              Size     First Load JS
┌ ○ /                                    94.9 kB         182 kB
└ ○ /_not-found                          873 B          88.1 kB
+ First Load JS shared by all            87.2 kB
  ├ chunks/117-efc44ae0cbb95285.js       31.7 kB
  ├ chunks/fd9d1056-b6bd4111191f2b98.js  53.6 kB
  └ other shared chunks (total)          1.9 kB


○  (Static)  prerendered as static content

   Compiling disk-dominator v0.1.0 (/home/lauta/glados/DiskDominator/src-tauri)
warning: unused import: `std::ffi::OsStr`
  --> src/file_system/mod.rs:53:9
   |
53 |     use std::ffi::OsStr;
   |         ^^^^^^^^^^^^^^^
   |
   = note: `#[warn(unused_imports)]` on by default

warning: unused import: `std::os::windows::ffi::OsStrExt`
  --> src/file_system/mod.rs:54:9
   |
54 |     use std::os::windows::ffi::OsStrExt;
   |         ^^^^^^^^^^^^^^^^^^^^^^^^^^^^^^^

warning: unused import: `tokio::fs::File`
 --> src/disk_analyzer/mod.rs:5:5
  |
5 | use tokio::fs::File;
  |     ^^^^^^^^^^^^^^^

warning: unused imports: `AsyncReadExt` and `BufReader`
 --> src/disk_analyzer/mod.rs:6:17
  |
6 | use tokio::io::{AsyncReadExt, BufReader};
  |                 ^^^^^^^^^^^^  ^^^^^^^^^

warning: unused variable: `metadata`
  --> src/file_system/mod.rs:62:23
   |
62 |             if let Ok(metadata) = fs::metadata(&drive).await {
   |                       ^^^^^^^^ help: if this is intentional, prefix it with an underscore: `_metadata`
   |
   = note: `#[warn(unused_variables)]` on by default

warning: `disk-dominator` (bin "disk-dominator") generated 5 warnings (run `cargo fix --bin "disk-dominator"` to apply 4 suggestions)
    Finished `release` profile [optimized] target(s) in 6.02s
        Warn Cross-platform compilation is experimental and does not support all features. Please use a matching host system for full compatibility.
        Warn Signing, by default, is only supported on Windows hosts, but you can specify a custom signing command in `bundler > windows > sign_command`, for now, skipping signing the installer...
        Warn ignoring msi
        Info Verifying NSIS package
 Downloading https://github.com/tauri-apps/nsis-tauri-utils/releases/download/nsis_tauri_utils-v0.4.1/nsis_tauri_utils.dll
        Info validating hash
        Info Target: x64
     Running makensis.exe to produce /home/lauta/glados/DiskDominator/src-tauri/target/x86_64-pc-windows-gnu/release/bundle/nsis/DiskDominator_0.1.0_x64-setup.exe
       Error failed to bundle project: error running makensis.exe
